AndroidPizza/app/build/outputs/logs/manifest-merger-debug-report.txt
-- Merging decision tree log ---
manifest
ADDED from src/main/AndroidManifest.xml:2:1-23:12
INJECTED from src/main/AndroidManifest.xml:2:1-23:12
INJECTED from src/main/AndroidManifest.xml:2:1-23:12
INJECTED from src/main/AndroidManifest.xml:2:1-23:12
INJECTED from src/main/AndroidManifest.xml:2:1-23:12
INJECTED from src/main/AndroidManifest.xml:2:1-23:12
INJECTED from src/main/AndroidManifest.xml:2:1-23:12
	package
		ADDED from src/main/AndroidManifest.xml:3:7-32
		INJECTED from src/main/AndroidManifest.xml
		INJECTED from src/main/AndroidManifest.xml
	android:versionName
		ADDED from src/main/AndroidManifest.xml:5:7-32
		INJECTED from src/main/AndroidManifest.xml
		INJECTED from src/main/AndroidManifest.xml
	xmlns:android
		ADDED from src/main/AndroidManifest.xml:2:11-69
	android:versionCode
		ADDED from src/main/AndroidManifest.xml:4:7-30
		INJECTED from src/main/AndroidManifest.xml
		INJECTED from src/main/AndroidManifest.xml
application
ADDED from src/main/AndroidManifest.xml:6:5-20:19
	android:label
		ADDED from src/main/AndroidManifest.xml:6:50-82
	android:icon
		ADDED from src/main/AndroidManifest.xml:6:18-49
activity#com.pizza.aisle.Pizza
ADDED from src/main/AndroidManifest.xml:7:9-13:20
	android:label
		ADDED from src/main/AndroidManifest.xml:8:19-51
	android:name
		ADDED from src/main/AndroidManifest.xml:7:19-40
intent-filter#android.intent.action.MAIN+android.intent.category.LAUNCHER
ADDED from src/main/AndroidManifest.xml:9:13-12:29
action#android.intent.action.MAIN
ADDED from src/main/AndroidManifest.xml:10:17-69
	android:name
		ADDED from src/main/AndroidManifest.xml:10:25-66
category#android.intent.category.LAUNCHER
ADDED from src/main/AndroidManifest.xml:11:17-77
	android:name
		ADDED from src/main/AndroidManifest.xml:11:27-74
activity#com.pizza.aisle.OrderPage
ADDED from src/main/AndroidManifest.xml:14:9-16:20
	android:label
		ADDED from src/main/AndroidManifest.xml:15:10-45
	android:name
		ADDED from src/main/AndroidManifest.xml:14:19-44
activity#com.pizza.aisle.NewPizza
ADDED from src/main/AndroidManifest.xml:17:9-19:20
	android:label
		ADDED from src/main/AndroidManifest.xml:18:10-55
	android:name
		ADDED from src/main/AndroidManifest.xml:17:19-43
uses-sdk
ADDED from src/main/AndroidManifest.xml:21:5-43
INJECTED from src/main/AndroidManifest.xml:21:5-43
INJECTED from src/main/AndroidManifest.xml:21:5-43
INJECTED from src/main/AndroidManifest.xml:21:5-43
INJECTED from src/main/AndroidManifest.xml:21:5-43
	android:targetSdkVersion
		INJECTED from src/main/AndroidManifest.xml
		ADDED from src/main/AndroidManifest.xml:21:5-43
		INJECTED from src/main/AndroidManifest.xml
	android:minSdkVersion
		ADDED from src/main/AndroidManifest.xml:21:15-40
		INJECTED from src/main/AndroidManifest.xml
		INJECTED from src/main/AndroidManifest.xml